<?xml version="1.0" encoding="UTF-8"?>
<coverage generated="1732848839863" clover="3.2.0">
  <project timestamp="1732848839863" name="All files">
    <metrics statements="21" coveredstatements="17" conditionals="2" coveredconditionals="0" methods="2" coveredmethods="2" elements="25" coveredelements="19" complexity="0" loc="21" ncloc="21" packages="3" files="4" classes="4"/>
    <package name="config">
      <metrics statements="10" coveredstatements="6" conditionals="2" coveredconditionals="0" methods="1" coveredmethods="1"/>
      <file name="db.js" path="C:\Users\joxan\fillet-mern\backend\config\db.js">
        <metrics statements="10" coveredstatements="6" conditionals="2" coveredconditionals="0" methods="1" coveredmethods="1"/>
        <line num="1" count="1" type="stmt"/>
        <line num="3" count="1" type="stmt"/>
        <line num="4" count="1" type="stmt"/>
        <line num="5" count="1" type="stmt"/>
        <line num="6" count="1" type="stmt"/>
        <line num="8" count="0" type="stmt"/>
        <line num="10" count="0" type="cond" truecount="0" falsecount="2"/>
        <line num="11" count="0" type="stmt"/>
        <line num="13" count="0" type="stmt"/>
        <line num="18" count="1" type="stmt"/>
      </file>
    </package>
    <package name="models">
      <metrics statements="4" coveredstatements="4" conditionals="0" coveredconditionals="0" methods="0" coveredmethods="0"/>
      <file name="item.js" path="C:\Users\joxan\fillet-mern\backend\models\item.js">
        <metrics statements="4" coveredstatements="4" conditionals="0" coveredconditionals="0" methods="0" coveredmethods="0"/>
        <line num="1" count="1" type="stmt"/>
        <line num="3" count="1" type="stmt"/>
        <line num="26" count="1" type="stmt"/>
        <line num="27" count="1" type="stmt"/>
      </file>
    </package>
    <package name="services.item">
      <metrics statements="7" coveredstatements="7" conditionals="0" coveredconditionals="0" methods="1" coveredmethods="1"/>
      <file name="create.js" path="C:\Users\joxan\fillet-mern\backend\services\item\create.js">
        <metrics statements="5" coveredstatements="5" conditionals="0" coveredconditionals="0" methods="1" coveredmethods="1"/>
        <line num="1" count="1" type="stmt"/>
        <line num="3" count="1" type="stmt"/>
        <line num="9" count="7" type="stmt"/>
        <line num="15" count="1" type="stmt"/>
        <line num="18" count="1" type="stmt"/>
      </file>
      <file name="index.js" path="C:\Users\joxan\fillet-mern\backend\services\item\index.js">
        <metrics statements="2" coveredstatements="2" conditionals="0" coveredconditionals="0" methods="0" coveredmethods="0"/>
        <line num="1" count="1" type="stmt"/>
        <line num="3" count="1" type="stmt"/>
      </file>
    </package>
  </project>
</coverage>
